Unity Editor version:    2021.3.9f1 (ad3870b89536)
Branch:                  2021.3/staging
Build type:              Release
Batch mode:              YES
macOS version:           Version 12.3.1 (Build 21E258)
Darwin version:          21.4.0
Architecture:            x86_64
Running under Rosetta:   NO
Available memory:        32768 MB
Using pre-set license
Pro License: YES

COMMAND LINE ARGUMENTS:
/Applications/Unity/Hub/Editor/2021.3.9f1/Unity.app/Contents/MacOS/Unity
-adb2
-batchMode
-noUpm
-name
AssetImportWorker8
-projectPath
/Users/jensvarga/Documents/UnityProjects/Github/Refuge/Refuge
-logFile
Logs/AssetImportWorker8.log
-srvPort
54514
Successfully changed project path to: /Users/jensvarga/Documents/UnityProjects/Github/Refuge/Refuge
/Users/jensvarga/Documents/UnityProjects/Github/Refuge/Refuge
[UnityMemory] Configuration Parameters - Can be set up in boot.config
    "memorysetup-bucket-allocator-granularity=16"
    "memorysetup-bucket-allocator-bucket-count=8"
    "memorysetup-bucket-allocator-block-size=33554432"
    "memorysetup-bucket-allocator-block-count=8"
    "memorysetup-main-allocator-block-size=16777216"
    "memorysetup-thread-allocator-block-size=16777216"
    "memorysetup-gfx-main-allocator-block-size=16777216"
    "memorysetup-gfx-thread-allocator-block-size=16777216"
    "memorysetup-cache-allocator-block-size=4194304"
    "memorysetup-typetree-allocator-block-size=2097152"
    "memorysetup-profiler-bucket-allocator-granularity=16"
    "memorysetup-profiler-bucket-allocator-bucket-count=8"
    "memorysetup-profiler-bucket-allocator-block-size=33554432"
    "memorysetup-profiler-bucket-allocator-block-count=8"
    "memorysetup-profiler-allocator-block-size=16777216"
    "memorysetup-profiler-editor-allocator-block-size=1048576"
    "memorysetup-temp-allocator-size-main=16777216"
    "memorysetup-job-temp-allocator-block-size=2097152"
    "memorysetup-job-temp-allocator-block-size-background=1048576"
    "memorysetup-job-temp-allocator-reduction-small-platforms=262144"
    "memorysetup-temp-allocator-size-background-worker=32768"
    "memorysetup-temp-allocator-size-job-worker=262144"
    "memorysetup-temp-allocator-size-preload-manager=33554432"
    "memorysetup-temp-allocator-size-nav-mesh-worker=65536"
    "memorysetup-temp-allocator-size-audio-worker=65536"
    "memorysetup-temp-allocator-size-cloud-worker=32768"
    "memorysetup-temp-allocator-size-gi-baking-worker=262144"
    "memorysetup-temp-allocator-size-gfx=262144"
Refreshing native plugins compatible for Editor in 136.91 ms, found 2 plugins.
Preloading 0 native plugins for Editor in 0.00 ms.
Initialize engine version: 2021.3.9f1 (ad3870b89536)
[Subsystems] Discovering subsystems at path /Applications/Unity/Hub/Editor/2021.3.9f1/Unity.app/Contents/Resources/UnitySubsystems
[Subsystems] Discovering subsystems at path /Users/jensvarga/Documents/UnityProjects/Github/Refuge/Refuge/Assets
GfxDevice: creating device client; threaded=0; jobified=0
Color LCD preferred device: AMD Radeon Pro 560X (high power)
Metal devices available: 2
0: AMD Radeon Pro 560X (high power)
1: Intel(R) UHD Graphics 630 (low power)
Using device AMD Radeon Pro 560X (high power)
Initializing Metal device caps: AMD Radeon Pro 560X
Initialize mono
Mono path[0] = '/Applications/Unity/Hub/Editor/2021.3.9f1/Unity.app/Contents/Managed'
Mono path[1] = '/Applications/Unity/Hub/Editor/2021.3.9f1/Unity.app/Contents/MonoBleedingEdge/lib/mono/unityjit-macos'
Mono config path = '/Applications/Unity/Hub/Editor/2021.3.9f1/Unity.app/Contents/MonoBleedingEdge/etc'
Using monoOptions --debugger-agent=transport=dt_socket,embedding=1,server=y,suspend=n,address=127.0.0.1:56998
Begin MonoManager ReloadAssembly
Registering precompiled unity dll's ...
Register platform support module: /Applications/Unity/Hub/Editor/2021.3.9f1/Unity.app/Contents/PlaybackEngines/MacStandaloneSupport/UnityEditor.OSXStandalone.Extensions.dll
Register platform support module: /Applications/Unity/Hub/Editor/2021.3.9f1/PlaybackEngines/iOSSupport/UnityEditor.iOS.Extensions.dll
Register platform support module: /Applications/Unity/Hub/Editor/2021.3.9f1/PlaybackEngines/WindowsStandaloneSupport/UnityEditor.WindowsStandalone.Extensions.dll
Registered in 0.001017 seconds.
Native extension for WindowsStandalone target not found
[usbmuxd] Start listen thread
[usbmuxd] Listen thread started
[usbmuxd] Send listen message
[usbmuxd] Attached: 59 00008020-000844940E46002E
Native extension for iOS target not found
Native extension for OSXStandalone target not found
Refreshing native plugins compatible for Editor in 127.09 ms, found 2 plugins.
Preloading 0 native plugins for Editor in 0.00 ms.
Mono: successfully reloaded assembly
- Completed reload, in  0.845 seconds
Domain Reload Profiling:
	ReloadAssembly (846ms)
		BeginReloadAssembly (66ms)
			ExecutionOrderSort (0ms)
			DisableScriptedObjects (0ms)
			BackupInstance (0ms)
			ReleaseScriptingObjects (0ms)
			CreateAndSetChildDomain (1ms)
		EndReloadAssembly (653ms)
			LoadAssemblies (66ms)
			RebuildTransferFunctionScriptingTraits (0ms)
			SetupTypeCache (131ms)
			ReleaseScriptCaches (0ms)
			RebuildScriptCaches (36ms)
			SetupLoadedEditorAssemblies (431ms)
				LogAssemblyErrors (0ms)
				InitializePlatformSupportModulesInManaged (87ms)
				SetLoadedEditorAssemblies (0ms)
				RefreshPlugins (127ms)
				BeforeProcessingInitializeOnLoad (1ms)
				ProcessInitializeOnLoadAttributes (164ms)
				ProcessInitializeOnLoadMethodAttributes (52ms)
				AfterProcessingInitializeOnLoad (0ms)
				EditorAssembliesLoaded (0ms)
			ExecutionOrderSort2 (0ms)
			AwakeInstancesAfterBackupRestoration (0ms)
Platform modules already initialized, skipping
Registering precompiled user dll's ...
Registered in 0.003494 seconds.
Begin MonoManager ReloadAssembly
Symbol file LoadedFromMemory doesn't match image /Users/jensvarga/Documents/UnityProjects/Github/Refuge/Refuge/Library/PackageCache/com.unity.visualscripting@1.7.8/Editor/VisualScripting.Core/Dependencies/YamlDotNet/Unity.VisualScripting.YamlDotNet.dll
Symbol file LoadedFromMemory doesn't match image /Users/jensvarga/Documents/UnityProjects/Github/Refuge/Refuge/Library/PackageCache/com.unity.visualscripting@1.7.8/Editor/VisualScripting.Core/Dependencies/DotNetZip/Unity.VisualScripting.IonicZip.dll
Native extension for WindowsStandalone target not found
Native extension for iOS target not found
Native extension for OSXStandalone target not found
Refreshing native plugins compatible for Editor in 122.55 ms, found 2 plugins.
Preloading 0 native plugins for Editor in 0.00 ms.
Mono: successfully reloaded assembly
- Completed reload, in  1.685 seconds
Domain Reload Profiling:
	ReloadAssembly (1686ms)
		BeginReloadAssembly (112ms)
			ExecutionOrderSort (0ms)
			DisableScriptedObjects (7ms)
			BackupInstance (0ms)
			ReleaseScriptingObjects (0ms)
			CreateAndSetChildDomain (25ms)
		EndReloadAssembly (1438ms)
			LoadAssemblies (75ms)
			RebuildTransferFunctionScriptingTraits (0ms)
			SetupTypeCache (404ms)
			ReleaseScriptCaches (1ms)
			RebuildScriptCaches (108ms)
			SetupLoadedEditorAssemblies (790ms)
				LogAssemblyErrors (0ms)
				InitializePlatformSupportModulesInManaged (26ms)
				SetLoadedEditorAssemblies (0ms)
				RefreshPlugins (123ms)
				BeforeProcessingInitializeOnLoad (111ms)
				ProcessInitializeOnLoadAttributes (419ms)
				ProcessInitializeOnLoadMethodAttributes (109ms)
				AfterProcessingInitializeOnLoad (1ms)
				EditorAssembliesLoaded (0ms)
			ExecutionOrderSort2 (0ms)
			AwakeInstancesAfterBackupRestoration (4ms)
Platform modules already initialized, skipping
========================================================================
Worker process is ready to serve import requests
Launching external process: /Applications/Unity/Hub/Editor/2021.3.9f1/Unity.app/Contents/Tools/UnityShaderCompiler
Launched and connected shader compiler UnityShaderCompiler after 0.07 seconds
Refreshing native plugins compatible for Editor in 0.93 ms, found 2 plugins.
Preloading 0 native plugins for Editor in 0.00 ms.
Unloading 6372 Unused Serialized files (Serialized files now loaded: 0)
Unloading 53 unused Assets / (428.7 KB). Loaded Objects now: 6828.
Memory consumption went from 383.6 MB to 383.2 MB.
Total: 5.319383 ms (FindLiveObjects: 0.784148 ms CreateObjectMapping: 0.572402 ms MarkObjects: 3.750523 ms  DeleteObjects: 0.211357 ms)

AssetImportParameters requested are different than current active one (requested -> active):
  custom:video-decoder-ogg-theora: a1e56fd34408186e4bbccfd4996cb3dc -> 
  custom:container-muxer-webm: aa71ff27fc2769a1b78a27578f13a17b -> 
  custom:container-demuxer-webm: 4f35f7cbe854078d1ac9338744f61a02 -> 
  custom:video-encoder-webm-vp8: eb34c28f22e8b96e1ab97ce403110664 -> 
  custom:framework-osx-AVFoundation: e770b220cccbd017edd2c1fefb359320 -> 
  custom:audio-encoder-webm-vorbis: bf7c407c2cedff20999df2af8eb42d56 -> 
  custom:container-demuxer-ogg: 62fdf1f143b41e24485cea50d1cbac27 -> 
  custom:video-decoder-webm-vp8: 9c59270c3fd7afecdb556c50c9e8de78 -> 
  custom:audio-decoder-ogg-vorbis: bf7c407c2cedff20999df2af8eb42d56 -> 
========================================================================
Received Import Request.
  Time since last request: 231682.807806 seconds.
  path: Assets/AssetStore/Pine Pack/Prefabs/Plant1.prefab
  artifactKey: Guid(732f7239441721c46baf5302a30fde43) Importer(815301076,1909f56bfc062723c751e8b465ee728b)
Start importing Assets/AssetStore/Pine Pack/Prefabs/Plant1.prefab using Guid(732f7239441721c46baf5302a30fde43) Importer(815301076,1909f56bfc062723c751e8b465ee728b)  -> (artifact id: '69a993d95d5c6e5e935a4ca5e800e484') in 0.413341 seconds 
========================================================================
Received Import Request.
  Time since last request: 42.283760 seconds.
  path: Assets/AssetStore/Pine Pack/Prefabs/Plant1.prefab
  artifactKey: Guid(732f7239441721c46baf5302a30fde43) Importer(815301076,1909f56bfc062723c751e8b465ee728b)
Start importing Assets/AssetStore/Pine Pack/Prefabs/Plant1.prefab using Guid(732f7239441721c46baf5302a30fde43) Importer(815301076,1909f56bfc062723c751e8b465ee728b)  -> (artifact id: '7f981d293ae4838f730b0a5c3d377c21') in 0.019872 seconds 
========================================================================
Received Import Request.
  Time since last request: 35.183611 seconds.
  path: Assets/AssetStore/Pine Pack/Prefabs/Plant1.prefab
  artifactKey: Guid(732f7239441721c46baf5302a30fde43) Importer(815301076,1909f56bfc062723c751e8b465ee728b)
Start importing Assets/AssetStore/Pine Pack/Prefabs/Plant1.prefab using Guid(732f7239441721c46baf5302a30fde43) Importer(815301076,1909f56bfc062723c751e8b465ee728b)  -> (artifact id: '62648f192232554e8780dad5704171d6') in 0.011548 seconds 
========================================================================
Received Import Request.
  Time since last request: 49.648286 seconds.
  path: Assets/AssetStore/Pine Pack/Prefabs/Plant1.prefab
  artifactKey: Guid(732f7239441721c46baf5302a30fde43) Importer(815301076,1909f56bfc062723c751e8b465ee728b)
Start importing Assets/AssetStore/Pine Pack/Prefabs/Plant1.prefab using Guid(732f7239441721c46baf5302a30fde43) Importer(815301076,1909f56bfc062723c751e8b465ee728b)  -> (artifact id: '9eac9a1076779e85b8089ee3edd0eb8c') in 0.022861 seconds 
========================================================================
Received Import Request.
  Time since last request: 45.981309 seconds.
  path: Assets/AssetStore/Pine Pack/Prefabs/Plant1.prefab
  artifactKey: Guid(732f7239441721c46baf5302a30fde43) Importer(815301076,1909f56bfc062723c751e8b465ee728b)
Start importing Assets/AssetStore/Pine Pack/Prefabs/Plant1.prefab using Guid(732f7239441721c46baf5302a30fde43) Importer(815301076,1909f56bfc062723c751e8b465ee728b)  -> (artifact id: 'cac1f7998f538fcc34a341672ead84ab') in 0.023820 seconds 
========================================================================
Received Import Request.
  Time since last request: 40.545291 seconds.
  path: Assets/AssetStore/Pine Pack/Prefabs/Plant1.prefab
  artifactKey: Guid(732f7239441721c46baf5302a30fde43) Importer(815301076,1909f56bfc062723c751e8b465ee728b)
Start importing Assets/AssetStore/Pine Pack/Prefabs/Plant1.prefab using Guid(732f7239441721c46baf5302a30fde43) Importer(815301076,1909f56bfc062723c751e8b465ee728b)  -> (artifact id: 'c0f4473477131ef4de264c8e154399ee') in 0.029401 seconds 
========================================================================
Received Import Request.
  Time since last request: 91.891065 seconds.
  path: Assets/AssetStore/Pine Pack/Prefabs/Plant1.prefab
  artifactKey: Guid(732f7239441721c46baf5302a30fde43) Importer(815301076,1909f56bfc062723c751e8b465ee728b)
Start importing Assets/AssetStore/Pine Pack/Prefabs/Plant1.prefab using Guid(732f7239441721c46baf5302a30fde43) Importer(815301076,1909f56bfc062723c751e8b465ee728b)  -> (artifact id: '54d646cde02db96e10e7926b313eb0d5') in 0.012122 seconds 
[usbmuxd] Detached: 59 00008020-000844940E46002E
[usbmuxd] Attached: 60 00008020-000844940E46002E
========================================================================
Received Import Request.
  Time since last request: 56.529818 seconds.
  path: Assets/AssetStore/Pine Pack/Prefabs/Plant1.prefab
  artifactKey: Guid(732f7239441721c46baf5302a30fde43) Importer(815301076,1909f56bfc062723c751e8b465ee728b)
Start importing Assets/AssetStore/Pine Pack/Prefabs/Plant1.prefab using Guid(732f7239441721c46baf5302a30fde43) Importer(815301076,1909f56bfc062723c751e8b465ee728b)  -> (artifact id: '5e8c7d02dd69d859fd63557e44ee7fb7') in 0.031058 seconds 
========================================================================
Received Import Request.
  Time since last request: 39.322168 seconds.
  path: Assets/AssetStore/Pine Pack/Prefabs/Plant1.prefab
  artifactKey: Guid(732f7239441721c46baf5302a30fde43) Importer(815301076,1909f56bfc062723c751e8b465ee728b)
Start importing Assets/AssetStore/Pine Pack/Prefabs/Plant1.prefab using Guid(732f7239441721c46baf5302a30fde43) Importer(815301076,1909f56bfc062723c751e8b465ee728b)  -> (artifact id: 'ddb7b1916256706e914666e098c976c0') in 0.031656 seconds 
========================================================================
Received Import Request.
  Time since last request: 120.222709 seconds.
  path: Assets/AssetStore/Pine Pack/Prefabs/Plant1.prefab
  artifactKey: Guid(732f7239441721c46baf5302a30fde43) Importer(815301076,1909f56bfc062723c751e8b465ee728b)
Start importing Assets/AssetStore/Pine Pack/Prefabs/Plant1.prefab using Guid(732f7239441721c46baf5302a30fde43) Importer(815301076,1909f56bfc062723c751e8b465ee728b)  -> (artifact id: 'ee329fcf837184f1ef688953122fb1e1') in 0.029811 seconds 
========================================================================
Received Import Request.
  Time since last request: 24.310949 seconds.
  path: Assets/AssetStore/Pine Pack/Prefabs/Plant1.prefab
  artifactKey: Guid(732f7239441721c46baf5302a30fde43) Importer(815301076,1909f56bfc062723c751e8b465ee728b)
Start importing Assets/AssetStore/Pine Pack/Prefabs/Plant1.prefab using Guid(732f7239441721c46baf5302a30fde43) Importer(815301076,1909f56bfc062723c751e8b465ee728b)  -> (artifact id: '5d2d9e4ab0b0f6a0400b6bfde5488e1f') in 0.031602 seconds 
========================================================================
Received Import Request.
  Time since last request: 65.921239 seconds.
  path: Assets/AssetStore/Pine Pack/Prefabs/Plant1.prefab
  artifactKey: Guid(732f7239441721c46baf5302a30fde43) Importer(815301076,1909f56bfc062723c751e8b465ee728b)
Start importing Assets/AssetStore/Pine Pack/Prefabs/Plant1.prefab using Guid(732f7239441721c46baf5302a30fde43) Importer(815301076,1909f56bfc062723c751e8b465ee728b)  -> (artifact id: '4c9aa379de9c40c787d217053e738ab1') in 0.029949 seconds 
========================================================================
Received Import Request.
  Time since last request: 114.571842 seconds.
  path: Assets/AssetStore/Pine Pack/Prefabs/Plant1.prefab
  artifactKey: Guid(732f7239441721c46baf5302a30fde43) Importer(815301076,1909f56bfc062723c751e8b465ee728b)
Start importing Assets/AssetStore/Pine Pack/Prefabs/Plant1.prefab using Guid(732f7239441721c46baf5302a30fde43) Importer(815301076,1909f56bfc062723c751e8b465ee728b)  -> (artifact id: '23fbd80d4b2d612d8ad6948280e208eb') in 0.031277 seconds 
========================================================================
Received Import Request.
  Time since last request: 27.488801 seconds.
  path: Assets/AssetStore/Pine Pack/Prefabs/Plant1.prefab
  artifactKey: Guid(732f7239441721c46baf5302a30fde43) Importer(815301076,1909f56bfc062723c751e8b465ee728b)
Start importing Assets/AssetStore/Pine Pack/Prefabs/Plant1.prefab using Guid(732f7239441721c46baf5302a30fde43) Importer(815301076,1909f56bfc062723c751e8b465ee728b)  -> (artifact id: '7f2fda42f63b96ca50c2cc293a6d8bba') in 0.028495 seconds 
========================================================================
Received Import Request.
  Time since last request: 78.189408 seconds.
  path: Assets/AssetStore/Pine Pack/Prefabs/Plant1.prefab
  artifactKey: Guid(732f7239441721c46baf5302a30fde43) Importer(815301076,1909f56bfc062723c751e8b465ee728b)
Start importing Assets/AssetStore/Pine Pack/Prefabs/Plant1.prefab using Guid(732f7239441721c46baf5302a30fde43) Importer(815301076,1909f56bfc062723c751e8b465ee728b)  -> (artifact id: '2e0e27b80c6452566c3c7edda0890e8d') in 0.013222 seconds 
========================================================================
Received Import Request.
  Time since last request: 57.726536 seconds.
  path: Assets/AssetStore/Pine Pack/Prefabs/Plant1.prefab
  artifactKey: Guid(732f7239441721c46baf5302a30fde43) Importer(815301076,1909f56bfc062723c751e8b465ee728b)
Start importing Assets/AssetStore/Pine Pack/Prefabs/Plant1.prefab using Guid(732f7239441721c46baf5302a30fde43) Importer(815301076,1909f56bfc062723c751e8b465ee728b)  -> (artifact id: 'c7fff66776da38e0ca77eb4e7b6567ed') in 0.013114 seconds 
========================================================================
Received Import Request.
  Time since last request: 45.264710 seconds.
  path: Assets/AssetStore/Pine Pack/Prefabs/Plant1.prefab
  artifactKey: Guid(732f7239441721c46baf5302a30fde43) Importer(815301076,1909f56bfc062723c751e8b465ee728b)
Start importing Assets/AssetStore/Pine Pack/Prefabs/Plant1.prefab using Guid(732f7239441721c46baf5302a30fde43) Importer(815301076,1909f56bfc062723c751e8b465ee728b)  -> (artifact id: '65dca07cb8f13f199aa6f7f6db73d3e6') in 0.032855 seconds 
========================================================================
Received Import Request.
  Time since last request: 25.583397 seconds.
  path: Assets/AssetStore/Pine Pack/Prefabs/Plant1.prefab
  artifactKey: Guid(732f7239441721c46baf5302a30fde43) Importer(815301076,1909f56bfc062723c751e8b465ee728b)
Start importing Assets/AssetStore/Pine Pack/Prefabs/Plant1.prefab using Guid(732f7239441721c46baf5302a30fde43) Importer(815301076,1909f56bfc062723c751e8b465ee728b)  -> (artifact id: '74f26b13392c4e2a741c36d29b12de31') in 0.029312 seconds 
========================================================================
Received Import Request.
  Time since last request: 33.325991 seconds.
  path: Assets/AssetStore/Pine Pack/Prefabs/Plant1.prefab
  artifactKey: Guid(732f7239441721c46baf5302a30fde43) Importer(815301076,1909f56bfc062723c751e8b465ee728b)
Start importing Assets/AssetStore/Pine Pack/Prefabs/Plant1.prefab using Guid(732f7239441721c46baf5302a30fde43) Importer(815301076,1909f56bfc062723c751e8b465ee728b)  -> (artifact id: 'b7365fe787462d2f54fbf3d8f5d2cc0c') in 0.030614 seconds 
[usbmuxd] Detached: 60 00008020-000844940E46002E
[usbmuxd] Attached: 61 00008020-000844940E46002E
========================================================================
Received Prepare
Registering precompiled user dll's ...
Registered in 0.003079 seconds.
Begin MonoManager ReloadAssembly
Symbol file LoadedFromMemory doesn't match image /Users/jensvarga/Documents/UnityProjects/Github/Refuge/Refuge/Library/PackageCache/com.unity.visualscripting@1.7.8/Editor/VisualScripting.Core/Dependencies/YamlDotNet/Unity.VisualScripting.YamlDotNet.dll
Symbol file LoadedFromMemory doesn't match image /Users/jensvarga/Documents/UnityProjects/Github/Refuge/Refuge/Library/PackageCache/com.unity.visualscripting@1.7.8/Editor/VisualScripting.Core/Dependencies/DotNetZip/Unity.VisualScripting.IonicZip.dll
Native extension for WindowsStandalone target not found
Native extension for iOS target not found
Native extension for OSXStandalone target not found
Refreshing native plugins compatible for Editor in 0.97 ms, found 2 plugins.
Preloading 0 native plugins for Editor in 0.00 ms.
Mono: successfully reloaded assembly
- Completed reload, in  1.404 seconds
Domain Reload Profiling:
	ReloadAssembly (1405ms)
		BeginReloadAssembly (147ms)
			ExecutionOrderSort (0ms)
			DisableScriptedObjects (9ms)
			BackupInstance (0ms)
			ReleaseScriptingObjects (0ms)
			CreateAndSetChildDomain (61ms)
		EndReloadAssembly (1150ms)
			LoadAssemblies (77ms)
			RebuildTransferFunctionScriptingTraits (0ms)
			SetupTypeCache (357ms)
			ReleaseScriptCaches (2ms)
			RebuildScriptCaches (64ms)
			SetupLoadedEditorAssemblies (558ms)
				LogAssemblyErrors (0ms)
				InitializePlatformSupportModulesInManaged (32ms)
				SetLoadedEditorAssemblies (1ms)
				RefreshPlugins (1ms)
				BeforeProcessingInitializeOnLoad (69ms)
				ProcessInitializeOnLoadAttributes (351ms)
				ProcessInitializeOnLoadMethodAttributes (103ms)
				AfterProcessingInitializeOnLoad (1ms)
				EditorAssembliesLoaded (0ms)
			ExecutionOrderSort2 (0ms)
			AwakeInstancesAfterBackupRestoration (22ms)
Platform modules already initialized, skipping
Refreshing native plugins compatible for Editor in 2.08 ms, found 2 plugins.
Preloading 0 native plugins for Editor in 0.00 ms.
Unloading 6255 Unused Serialized files (Serialized files now loaded: 0)
Unloading 32 unused Assets / (407.2 KB). Loaded Objects now: 6901.
Memory consumption went from 390.2 MB to 389.8 MB.
Total: 4.623673 ms (FindLiveObjects: 0.511334 ms CreateObjectMapping: 0.511872 ms MarkObjects: 3.445317 ms  DeleteObjects: 0.154515 ms)

AssetImportParameters requested are different than current active one (requested -> active):
  custom:video-decoder-ogg-theora: a1e56fd34408186e4bbccfd4996cb3dc -> 
  custom:container-muxer-webm: aa71ff27fc2769a1b78a27578f13a17b -> 
  custom:container-demuxer-webm: 4f35f7cbe854078d1ac9338744f61a02 -> 
  custom:video-encoder-webm-vp8: eb34c28f22e8b96e1ab97ce403110664 -> 
  custom:framework-osx-AVFoundation: e770b220cccbd017edd2c1fefb359320 -> 
  custom:audio-encoder-webm-vorbis: bf7c407c2cedff20999df2af8eb42d56 -> 
  custom:container-demuxer-ogg: 62fdf1f143b41e24485cea50d1cbac27 -> 
  custom:video-decoder-webm-vp8: 9c59270c3fd7afecdb556c50c9e8de78 -> 
  custom:audio-decoder-ogg-vorbis: bf7c407c2cedff20999df2af8eb42d56 -> 
========================================================================
Received Import Request.
  Time since last request: 317.685652 seconds.
  path: Assets/AssetStore/Pine Pack/Materials/Bark.mat
  artifactKey: Guid(80692e77f9803a94e946efc0d438c941) Importer(815301076,1909f56bfc062723c751e8b465ee728b)
Start importing Assets/AssetStore/Pine Pack/Materials/Bark.mat using Guid(80692e77f9803a94e946efc0d438c941) Importer(815301076,1909f56bfc062723c751e8b465ee728b)  -> (artifact id: '8408c157587a6cd6cf62f7c95a66477a') in 0.412191 seconds 
========================================================================
Received Import Request.
  Time since last request: 0.000079 seconds.
  path: Assets/AssetStore/Pine Pack/Materials/Flower.mat
  artifactKey: Guid(5b313829fd73e6440b814c62b104f703) Importer(815301076,1909f56bfc062723c751e8b465ee728b)
Start importing Assets/AssetStore/Pine Pack/Materials/Flower.mat using Guid(5b313829fd73e6440b814c62b104f703) Importer(815301076,1909f56bfc062723c751e8b465ee728b)  -> (artifact id: 'f2d873dbf9b05a55a5bc7bbc3ab76838') in 0.032665 seconds 
========================================================================
Received Import Request.
  Time since last request: 0.000063 seconds.
  path: Assets/AssetStore/Pine Pack/Materials/Leaf.mat
  artifactKey: Guid(6f8e83943fa297b41a414cd87efb488c) Importer(815301076,1909f56bfc062723c751e8b465ee728b)
Start importing Assets/AssetStore/Pine Pack/Materials/Leaf.mat using Guid(6f8e83943fa297b41a414cd87efb488c) Importer(815301076,1909f56bfc062723c751e8b465ee728b)  -> (artifact id: 'e3541e07e24544bfc87417e850d11e26') in 0.016812 seconds 
========================================================================
Received Import Request.
  Time since last request: 0.000082 seconds.
  path: Assets/AssetStore/Pine Pack/Materials/Branch.mat
  artifactKey: Guid(d9d9eecdb2264064dbe90ed33b65fb63) Importer(815301076,1909f56bfc062723c751e8b465ee728b)
Start importing Assets/AssetStore/Pine Pack/Materials/Branch.mat using Guid(d9d9eecdb2264064dbe90ed33b65fb63) Importer(815301076,1909f56bfc062723c751e8b465ee728b)  -> (artifact id: '2b513f5bdc0776a8be044f2e3699ce32') in 0.018188 seconds 
Editor requested this worker to shutdown with reason: Scaling down because of idle timeout
AssetImportWorker is now disconnected from the server
Process exiting
